
                         Lattice Mapping Report File

Design:  led_blink
Family:  iCE40UP
Device:  iCE40UP5K
Package: SG48
Performance Grade:  High-Performance_1.2V

Mapper:    version Radiant Software (64-bit) 2024.2.0.3.0
Mapped on: Tue Sep  2 13:00:23 2025

Design Information
------------------

Command line:   map -pdc C:/Users/ekendrick/Documents/GitHub/e155-lab1/lab1-latt
     ice/e155lab1/pins.pdc -i e155lab1_impl_1_syn.udb -o e155lab1_impl_1_map.udb
     -mp e155lab1_impl_1.mrp -hierrpt -gui -msgset C:/Users/ekendrick/Documents/
     GitHub/e155-lab1/lab1-lattice/e155lab1/promote.xml

Design Summary
--------------

   Number of slice registers:  26 out of  5280 (<1%)
   Number of I/O registers:      0 out of   117 (0%)
   Number of LUT4s:            36 out of  5280 (1%)
      Number of logic LUT4s:              10
      Number of ripple logic:             13 (26 LUT4s)
   Number of IO sites used:   1 out of 39 (3%)
      Number of IO sites used for general PIO: 1
      Number of IO sites used for I3C: 0 out of 2 (0%)
      (note: If I3C is not used, its site can be used as general PIO)
      Number of IO sites used for PIO+I3C: 1 out of 36 (3%)
      Number of IO sites used for OD+RGB IO buffers: 0 out of 3 (0%)
      (note: If RGB LED drivers are not used, sites can be used as OD outputs,
       see TN1288 iCE40 LED Driver Usage Guide)
      Number of IO sites used for PIO+I3C+OD+RGB: 1 out of 39 (3%)
   Number of DSPs:             0 out of 8 (0%)
   Number of I2Cs:             0 out of 2 (0%)
   Number of High Speed OSCs:  1 out of 1 (100%)
   Number of Low Speed OSCs:   0 out of 1 (0%)
   Number of RGB PWM:          0 out of 1 (0%)
   Number of RGB Drivers:      0 out of 1 (0%)
   Number of SCL FILTERs:      0 out of 2 (0%)
   Number of SRAMs:            0 out of 4 (0%)
   Number of WARMBOOTs:        0 out of 1 (0%)
   Number of SPIs:             0 out of 2 (0%)
   Number of EBRs:             0 out of 30 (0%)
   Number of PLLs:             0 out of 1 (0%)
   Number of Clocks:  1
      Net clk_hf: 14 loads, 14 rising, 0 falling (Driver: Pin
     hf_osc_inst.osc_inst/CLKHF)
   Number of Clock Enables:  1
      Net VCC_net: 1 loads, 0 SLICEs
   Number of LSRs:  1
      Net n174: 13 loads, 13 SLICEs
   Top 10 highest fanout non-clock nets:
      Net n174: 14 loads
      Net VCC_net: 3 loads
      Net counter[10]: 2 loads
      Net counter[13]: 2 loads
      Net counter[1]: 2 loads

                                    Page 1





Design Summary (cont)
---------------------
      Net counter[23]: 2 loads
      Net counter[24]: 2 loads
      Net counter[4]: 2 loads
      Net led_c: 2 loads
      Net n232: 2 loads





   Number of warnings:  60
   Number of criticals: 0
   Number of errors:    0

Design Errors/Criticals/Warnings
--------------------------------

WARNING <1026001> - map: C:/Users/ekendrick/Documents/GitHub/e155-lab1/lab1-latt
     ice/e155lab1/pins.pdc (1) : No port matched 's[0]'.
WARNING <1026001> - map: C:/Users/ekendrick/Documents/GitHub/e155-lab1/lab1-latt
     ice/e155lab1/pins.pdc (2) : No port matched 's[1]'.
WARNING <1026001> - map: C:/Users/ekendrick/Documents/GitHub/e155-lab1/lab1-latt
     ice/e155lab1/pins.pdc (3) : No port matched 's[2]'.
WARNING <1026001> - map: C:/Users/ekendrick/Documents/GitHub/e155-lab1/lab1-latt
     ice/e155lab1/pins.pdc (4) : No port matched 's[3]'.
WARNING <1026001> - map: C:/Users/ekendrick/Documents/GitHub/e155-lab1/lab1-latt
     ice/e155lab1/pins.pdc (5) : No port matched 'led[0]'.
WARNING <1026001> - map: C:/Users/ekendrick/Documents/GitHub/e155-lab1/lab1-latt
     ice/e155lab1/pins.pdc (6) : No port matched 'led[1]'.
WARNING <1026001> - map: C:/Users/ekendrick/Documents/GitHub/e155-lab1/lab1-latt
     ice/e155lab1/pins.pdc (7) : No port matched 'led[2]'.
WARNING <1026001> - map: C:/Users/ekendrick/Documents/GitHub/e155-lab1/lab1-latt
     ice/e155lab1/pins.pdc (8) : No port matched 'seg[0]'.
WARNING <1026001> - map: C:/Users/ekendrick/Documents/GitHub/e155-lab1/lab1-latt
     ice/e155lab1/pins.pdc (9) : No port matched 'seg[1]'.
WARNING <1026001> - map: C:/Users/ekendrick/Documents/GitHub/e155-lab1/lab1-latt
     ice/e155lab1/pins.pdc (10) : No port matched 'seg[2]'.
WARNING <1026001> - map: C:/Users/ekendrick/Documents/GitHub/e155-lab1/lab1-latt
     ice/e155lab1/pins.pdc (11) : No port matched 'seg[3]'.
WARNING <1026001> - map: C:/Users/ekendrick/Documents/GitHub/e155-lab1/lab1-latt
     ice/e155lab1/pins.pdc (12) : No port matched 'seg[4]'.
WARNING <1026001> - map: C:/Users/ekendrick/Documents/GitHub/e155-lab1/lab1-latt
     ice/e155lab1/pins.pdc (13) : No port matched 'seg[5]'.
WARNING <1026001> - map: C:/Users/ekendrick/Documents/GitHub/e155-lab1/lab1-latt
     ice/e155lab1/pins.pdc (14) : No port matched 'seg[6]'.
WARNING <1026001> - map: C:/Users/ekendrick/Documents/GitHub/e155-lab1/lab1-latt
     ice/e155lab1/pins.pdc (15) : No port matched 'reset'.
WARNING <1027013> - map: No port matched 's[0]'.
WARNING <1026001> - map: C:/Users/ekendrick/Documents/GitHub/e155-lab1/lab1-latt
     ice/e155lab1/pins.pdc (1) : Can't resolve object 's[0]' in constraint
     'ldc_set_location -site {37} [get_ports {s[0]}]'.
WARNING <1027013> - map: No port matched 's[1]'.
WARNING <1026001> - map: C:/Users/ekendrick/Documents/GitHub/e155-lab1/lab1-latt
     ice/e155lab1/pins.pdc (2) : Can't resolve object 's[1]' in constraint
     'ldc_set_location -site {31} [get_ports {s[1]}]'.
WARNING <1027013> - map: No port matched 's[2]'.
WARNING <1026001> - map: C:/Users/ekendrick/Documents/GitHub/e155-lab1/lab1-latt
     ice/e155lab1/pins.pdc (3) : Can't resolve object 's[2]' in constraint

                                    Page 2





Design Errors/Criticals/Warnings (cont)
---------------------------------------
     'ldc_set_location -site {35} [get_ports {s[2]}]'.
WARNING <1027013> - map: No port matched 's[3]'.
WARNING <1026001> - map: C:/Users/ekendrick/Documents/GitHub/e155-lab1/lab1-latt
     ice/e155lab1/pins.pdc (4) : Can't resolve object 's[3]' in constraint
     'ldc_set_location -site {32} [get_ports {s[3]}]'.
WARNING <1027013> - map: No port matched 'led[0]'.
WARNING <1026001> - map: C:/Users/ekendrick/Documents/GitHub/e155-lab1/lab1-latt
     ice/e155lab1/pins.pdc (5) : Can't resolve object 'led[0]' in constraint
     'ldc_set_location -site {11} [get_ports {led[0]}]'.
WARNING <1027013> - map: No port matched 'led[1]'.
WARNING <1026001> - map: C:/Users/ekendrick/Documents/GitHub/e155-lab1/lab1-latt
     ice/e155lab1/pins.pdc (6) : Can't resolve object 'led[1]' in constraint
     'ldc_set_location -site {9} [get_ports {led[1]}]'.
WARNING <1027013> - map: No port matched 'led[2]'.
WARNING <1026001> - map: C:/Users/ekendrick/Documents/GitHub/e155-lab1/lab1-latt
     ice/e155lab1/pins.pdc (7) : Can't resolve object 'led[2]' in constraint
     'ldc_set_location -site {6} [get_ports {led[2]}]'.
WARNING <1027013> - map: No port matched 'seg[0]'.
WARNING <1026001> - map: C:/Users/ekendrick/Documents/GitHub/e155-lab1/lab1-latt
     ice/e155lab1/pins.pdc (8) : Can't resolve object 'seg[0]' in constraint
     'ldc_set_location -site {19} [get_ports {seg[0]}]'.
WARNING <1027013> - map: No port matched 'seg[1]'.
WARNING <1026001> - map: C:/Users/ekendrick/Documents/GitHub/e155-lab1/lab1-latt
     ice/e155lab1/pins.pdc (9) : Can't resolve object 'seg[1]' in constraint
     'ldc_set_location -site {18} [get_ports {seg[1]}]'.
WARNING <1027013> - map: No port matched 'seg[2]'.
WARNING <1026001> - map: C:/Users/ekendrick/Documents/GitHub/e155-lab1/lab1-latt
     ice/e155lab1/pins.pdc (10) : Can't resolve object 'seg[2]' in constraint
     'ldc_set_location -site {12} [get_ports {seg[2]}]'.
WARNING <1027013> - map: No port matched 'seg[3]'.
WARNING <1026001> - map: C:/Users/ekendrick/Documents/GitHub/e155-lab1/lab1-latt
     ice/e155lab1/pins.pdc (11) : Can't resolve object 'seg[3]' in constraint
     'ldc_set_location -site {10} [get_ports {seg[3]}]'.
WARNING <1027013> - map: No port matched 'seg[4]'.
WARNING <1026001> - map: C:/Users/ekendrick/Documents/GitHub/e155-lab1/lab1-latt
     ice/e155lab1/pins.pdc (12) : Can't resolve object 'seg[4]' in constraint
     'ldc_set_location -site {20} [get_ports {seg[4]}]'.
WARNING <1027013> - map: No port matched 'seg[5]'.
WARNING <1026001> - map: C:/Users/ekendrick/Documents/GitHub/e155-lab1/lab1-latt
     ice/e155lab1/pins.pdc (13) : Can't resolve object 'seg[5]' in constraint
     'ldc_set_location -site {13} [get_ports {seg[5]}]'.
WARNING <1027013> - map: No port matched 'seg[6]'.
WARNING <1026001> - map: C:/Users/ekendrick/Documents/GitHub/e155-lab1/lab1-latt
     ice/e155lab1/pins.pdc (14) : Can't resolve object 'seg[6]' in constraint
     'ldc_set_location -site {21} [get_ports {seg[6]}]'.
WARNING <1027013> - map: No port matched 'reset'.
WARNING <1026001> - map: C:/Users/ekendrick/Documents/GitHub/e155-lab1/lab1-latt
     ice/e155lab1/pins.pdc (15) : Can't resolve object 'reset' in constraint
     'ldc_set_location -site {34} [get_ports reset]'.
WARNING <1011001> - map: Remove invalid constraint 'ldc_set_location -site {37}
     [get_ports {s[0]}]'.
WARNING <1011001> - map: Remove invalid constraint 'ldc_set_location -site {31}
     [get_ports {s[1]}]'.
WARNING <1011001> - map: Remove invalid constraint 'ldc_set_location -site {35}
     [get_ports {s[2]}]'.
WARNING <1011001> - map: Remove invalid constraint 'ldc_set_location -site {32}
     [get_ports {s[3]}]'.

                                    Page 3





Design Errors/Criticals/Warnings (cont)
---------------------------------------
WARNING <1011001> - map: Remove invalid constraint 'ldc_set_location -site {11}
     [get_ports {led[0]}]'.
WARNING <1011001> - map: Remove invalid constraint 'ldc_set_location -site {9}
     [get_ports {led[1]}]'.
WARNING <1011001> - map: Remove invalid constraint 'ldc_set_location -site {6}
     [get_ports {led[2]}]'.
WARNING <1011001> - map: Remove invalid constraint 'ldc_set_location -site {19}
     [get_ports {seg[0]}]'.
WARNING <1011001> - map: Remove invalid constraint 'ldc_set_location -site {18}
     [get_ports {seg[1]}]'.
WARNING <1011001> - map: Remove invalid constraint 'ldc_set_location -site {12}
     [get_ports {seg[2]}]'.
WARNING <1011001> - map: Remove invalid constraint 'ldc_set_location -site {10}
     [get_ports {seg[3]}]'.
WARNING <1011001> - map: Remove invalid constraint 'ldc_set_location -site {20}
     [get_ports {seg[4]}]'.
WARNING <1011001> - map: Remove invalid constraint 'ldc_set_location -site {13}
     [get_ports {seg[5]}]'.
WARNING <1011001> - map: Remove invalid constraint 'ldc_set_location -site {21}
     [get_ports {seg[6]}]'.
WARNING <1011001> - map: Remove invalid constraint 'ldc_set_location -site {34}
     [get_ports reset]'.

IO (PIO) Attributes
-------------------

+---------------------+-----------+-----------+-------+-------+-----------+
| IO Name             | Direction | Levelmode |  IO   |  IO   | Special   |
|                     |           |  IO_TYPE  |  REG  |  DDR  | IO Buffer |
+---------------------+-----------+-----------+-------+-------+-----------+
| led                 | OUTPUT    |           |       |       |           |
+---------------------+-----------+-----------+-------+-------+-----------+

Removed logic
-------------

Block i1 was optimized away.

OSC Summary
-----------

OSC 1:                                 Pin/Node Value
  OSC Instance Name:                            hf_osc_inst.osc_inst
  Power UP:                            NODE     VCC_net
  Enable Signal:                       NODE     VCC_net
  OSC Output:                          NODE     clk_hf
  DIV Setting:                                  00

ASIC Components
---------------

Instance Name: hf_osc_inst.osc_inst
         Type: HFOSC





                                    Page 4





Constraint Summary
------------------

   Total number of constraints: 16
   Total number of constraints dropped: 15
   Dropped constraints are:
     ldc_set_location -site {37} [get_ports {s[0]}]
     ldc_set_location -site {31} [get_ports {s[1]}]
     ldc_set_location -site {35} [get_ports {s[2]}]
     ldc_set_location -site {32} [get_ports {s[3]}]
     ldc_set_location -site {11} [get_ports {led[0]}]
     ldc_set_location -site {9} [get_ports {led[1]}]
     ldc_set_location -site {6} [get_ports {led[2]}]
     ldc_set_location -site {19} [get_ports {seg[0]}]
     ldc_set_location -site {18} [get_ports {seg[1]}]
     ldc_set_location -site {12} [get_ports {seg[2]}]
     ldc_set_location -site {10} [get_ports {seg[3]}]
     ldc_set_location -site {20} [get_ports {seg[4]}]
     ldc_set_location -site {13} [get_ports {seg[5]}]
     ldc_set_location -site {21} [get_ports {seg[6]}]
     ldc_set_location -site {34} [get_ports reset]

Run Time and Memory Usage
-------------------------

   Total CPU Time: 0 secs
   Total REAL Time: 0 secs
   Peak Memory Usage: 66 MB
Checksum -- map: 2136eadca1364c315776bf016b8d552c53d2fcf5































                                    Page 5


Copyright (c) 1991-1994 by NeoCAD Inc. All rights reserved.
Copyright (c) 1995
     AT&T Corp.   All rights reserved.
Copyright (c) 1995-2001 Lucent
     Technologies Inc.  All rights reserved.
Copyright (c) 2001 Agere Systems
     All rights reserved.
Copyright (c) 2002-2024 Lattice Semiconductor
     Corporation,  All rights reserved.
